{
  "RSpec": {
    "coverage": {
      "/Users/mario/Sources/challenges/vizzuality/importer/app/services/country_service.rb": {
        "lines": [
          1,
          1,
          2,
          2,
          2,
          2,
          null,
          null
        ]
      },
      "/Users/mario/Sources/challenges/vizzuality/importer/app/services/emission_service.rb": {
        "lines": [
          1,
          1,
          1,
          2,
          null,
          null,
          null,
          null,
          null,
          null,
          null,
          null
        ]
      },
      "/Users/mario/Sources/challenges/vizzuality/importer/app/services/row_service.rb": {
        "lines": [
          1,
          1,
          3,
          3,
          3,
          null,
          null,
          1,
          3,
          3,
          3,
          3,
          null,
          null
        ]
      },
      "/Users/mario/Sources/challenges/vizzuality/importer/app/services/sector_service.rb": {
        "lines": [
          1,
          1,
          4,
          4,
          null,
          null,
          1,
          null,
          1,
          4,
          4,
          null,
          4,
          null,
          null,
          1,
          4,
          4,
          null,
          4,
          null,
          null
        ]
      },
      "/Users/mario/Sources/challenges/vizzuality/importer/app/models/country.rb": {
        "lines": [
          null,
          null,
          null,
          null,
          null,
          null,
          null,
          null,
          null,
          null,
          null,
          null,
          null,
          1,
          1,
          null
        ]
      },
      "/Users/mario/Sources/challenges/vizzuality/importer/app/models/application_record.rb": {
        "lines": [
          1,
          1,
          null
        ]
      },
      "/Users/mario/Sources/challenges/vizzuality/importer/app/models/emission.rb": {
        "lines": [
          null,
          null,
          null,
          null,
          null,
          null,
          null,
          null,
          null,
          null,
          null,
          null,
          null,
          null,
          null,
          null,
          null,
          1,
          1,
          1,
          1,
          1,
          null
        ]
      },
      "/Users/mario/Sources/challenges/vizzuality/importer/app/models/sector.rb": {
        "lines": [
          null,
          null,
          null,
          null,
          null,
          null,
          null,
          null,
          null,
          null,
          null,
          null,
          null,
          null,
          1,
          1,
          null,
          1,
          null
        ]
      },
      "/Users/mario/Sources/challenges/vizzuality/importer/app/controllers/application_controller.rb": {
        "lines": [
          0,
          0
        ],
        "branches": {
        }
      }
    },
    "timestamp": 1584139444
  }
}
